 * Task [Fix a problem of project resources linked to items] : Nothing to do
 * Task [If the data container contains #STAGING, then we remove this tag and we set the closed list to STAGING] : Applied successfully
 * Task [ChangeDeleteEmptyFileValueIfAppendTrueFeatureTDI26625] : Applied successfully
 * Task [AddAPIVersion4tMSCRM] : Applied successfully
 * Task [ExcleGenerationModeMigrationTask] : Nothing to do
 * Task [ChangeDBName4Hive] : Applied successfully
 * Task [Modify tFileUnarchive ZIPFILE field value(DI_DEMOS)] : Applied successfully
 * Task [CleanDBSchemaOntCreateTableMigrationTask] : Applied successfully
 * Task [AddNewFieldsForTDQHadoopComponentsTask] : Applied successfully
 * Task [RenameOracleRACToOracleCustomMigrationTask] : Nothing to do
 * Task [Fix Wrong DB Types] : Applied successfully
 * Task [ChangeSalesForceComponetsCustomerModuleName] : Applied successfully
 * Task [ChangeUsername4Hive] : Applied successfully
 * Task [Remove routine dependency on talend jars] : Applied successfully
 * Task [Remove Error Tag] : Nothing to do
 * Task [AutoUpdateRelationsMigrationTask] : Applied successfully
 ---=== Enf of migration ===---
 * Task [Fix a problem of project resources linked to items] : Applied successfully
 * Task [ChangeJavaAPIAsDefault4SqoopMigrationTask] : Applied successfully
 * Task [RemoveUseHadoopPropertiesFortMRConfiguration] : Nothing to do
 * Task [ChangeDefaultEncodingMigrationTask] : Applied successfully
 * Task [AddDBConnectionVersionMigrationTask] : Nothing to do
 * Task [AddLoginTypeForSalesforceMigrationTask] : Nothing to do
 * Task [AutoUpdateRelationsMigrationTask] : Applied successfully
 ---=== Enf of migration ===---
